{"C:\\Users\\cmagrane\\hangman\\hangmanServer\\test.js":{"path":"C:\\Users\\cmagrane\\hangman\\hangmanServer\\test.js","s":{"1":1},"b":{},"f":{},"fnMap":{},"statementMap":{"1":{"start":{"line":1,"column":0},"end":{"line":1,"column":37}}},"branchMap":{}},"C:\\Users\\cmagrane\\hangman\\hangmanServer\\db\\hangmanGameState.spec.js":{"path":"C:\\Users\\cmagrane\\hangman\\hangmanServer\\db\\hangmanGameState.spec.js","s":{"1":1,"2":1,"3":1,"4":0,"5":0,"6":0,"7":0,"8":0,"9":0,"10":0,"11":0,"12":0,"13":0,"14":0,"15":0,"16":0,"17":0,"18":0,"19":0,"20":0,"21":0},"b":{},"f":{"1":0,"2":0,"3":0,"4":0,"5":0},"fnMap":{"1":{"name":"(anonymous_1)","line":13,"loc":{"start":{"line":13,"column":35},"end":{"line":13,"column":47}}},"2":{"name":"(anonymous_2)","line":17,"loc":{"start":{"line":17,"column":15},"end":{"line":17,"column":27}}},"3":{"name":"(anonymous_3)","line":22,"loc":{"start":{"line":22,"column":40},"end":{"line":22,"column":54}}},"4":{"name":"(anonymous_4)","line":32,"loc":{"start":{"line":32,"column":38},"end":{"line":32,"column":52}}},"5":{"name":"(anonymous_5)","line":37,"loc":{"start":{"line":37,"column":24},"end":{"line":37,"column":38}}}},"statementMap":{"1":{"start":{"line":1,"column":0},"end":{"line":6,"column":35}},"2":{"start":{"line":7,"column":0},"end":{"line":7,"column":19}},"3":{"start":{"line":13,"column":0},"end":{"line":45,"column":2}},"4":{"start":{"line":15,"column":4},"end":{"line":15,"column":24}},"5":{"start":{"line":17,"column":4},"end":{"line":19,"column":6}},"6":{"start":{"line":18,"column":8},"end":{"line":18,"column":87}},"7":{"start":{"line":22,"column":4},"end":{"line":30,"column":6}},"8":{"start":{"line":24,"column":8},"end":{"line":24,"column":67}},"9":{"start":{"line":26,"column":8},"end":{"line":26,"column":47}},"10":{"start":{"line":27,"column":8},"end":{"line":27,"column":58}},"11":{"start":{"line":28,"column":8},"end":{"line":28,"column":56}},"12":{"start":{"line":29,"column":8},"end":{"line":29,"column":51}},"13":{"start":{"line":32,"column":4},"end":{"line":36,"column":6}},"14":{"start":{"line":33,"column":8},"end":{"line":33,"column":34}},"15":{"start":{"line":34,"column":8},"end":{"line":34,"column":78}},"16":{"start":{"line":35,"column":8},"end":{"line":35,"column":44}},"17":{"start":{"line":37,"column":4},"end":{"line":44,"column":6}},"18":{"start":{"line":38,"column":8},"end":{"line":38,"column":34}},"19":{"start":{"line":39,"column":8},"end":{"line":39,"column":122}},"20":{"start":{"line":41,"column":8},"end":{"line":41,"column":34}},"21":{"start":{"line":43,"column":8},"end":{"line":43,"column":48}}},"branchMap":{}}}